<?xml version="1.0" encoding="UTF-8"?>
<testng-results ignored="1" total="2" passed="1" failed="0" skipped="0">
  <reporter-output>
  </reporter-output>
  <suite started-at="2022-04-17T22:36:26 EEST" name="browser test" finished-at="2022-04-17T22:36:40 EEST" duration-ms="13646">
    <groups>
    </groups>
    <test started-at="2022-04-17T22:36:26 EEST" name="Test1" finished-at="2022-04-17T22:36:40 EEST" duration-ms="13646">
      <class name="LeftMenuTest">
        <test-method is-config="true" signature="preCondition()[pri:0, instance:LeftMenuTest@2e570ded]" started-at="2022-04-17T22:36:27 EEST" name="preCondition" finished-at="2022-04-17T22:36:32 EEST" duration-ms="5308" status="PASS">
          <reporter-output>
          </reporter-output>
        </test-method> <!-- preCondition -->
        <test-method signature="menuListTest2()[pri:0, instance:LeftMenuTest@2e570ded]" started-at="2022-04-17T22:36:32 EEST" name="menuListTest2" finished-at="2022-04-17T22:36:39 EEST" duration-ms="7381" status="PASS">
          <reporter-output>
          </reporter-output>
        </test-method> <!-- menuListTest2 -->
        <test-method is-config="true" signature="postCondition()[pri:0, instance:LeftMenuTest@2e570ded]" started-at="2022-04-17T22:36:39 EEST" name="postCondition" finished-at="2022-04-17T22:36:40 EEST" duration-ms="781" status="PASS">
          <reporter-output>
          </reporter-output>
        </test-method> <!-- postCondition -->
      </class> <!-- LeftMenuTest -->
    </test> <!-- Test1 -->
  </suite> <!-- browser test -->
</testng-results>
