<?xml version="1.0" encoding="UTF-8"?>
<testsuite xmlns:xsi="http://www.w3.org/2001/XMLSchema-instance" xsi:noNamespaceSchemaLocation="https://maven.apache.org/surefire/maven-surefire-plugin/xsd/surefire-test-report-3.0.xsd" version="3.0" name="TestSuite" time="1.377" tests="6" errors="0" skipped="4" failures="2">
  <properties>
[...]
</properties>
  <testcase name="preCondition" classname="LeftMenuTest" time="1.116">
    <failure type="java.lang.NullPointerException">java.lang.NullPointerException
</failure>
    <system-out><![CDATA[2433242
Run test for: browser test
]]></system-out>
    <system-err><![CDATA[SLF4J: Failed to load class "org.slf4j.impl.StaticLoggerBinder".
SLF4J: Defaulting to no-operation (NOP) logger implementation
SLF4J: See http://www.slf4j.org/codes.html#StaticLoggerBinder for further details.
]]></system-err>
  </testcase>
  <testcase name="menuListTest2" classname="LeftMenuTest" time="0">
    <skipped/>
    <system-out><![CDATA[menuListTest2 test case started
]]></system-out>
  </testcase>
  <testcase name="postCondition" classname="LeftMenuTest" time="0">
    <skipped/>
    <system-out><![CDATA[The name of the testcase Skipped is :menuListTest2
2022-04-18 16:06:09 INFO Log:11 - TEST SKIPPED
]]></system-out>
    <system-err><![CDATA[log4j:ERROR Could not instantiate class [utils.ReportAppender].
java.lang.ClassNotFoundException: utils.ReportAppender
	at java.base/jdk.internal.loader.BuiltinClassLoader.loadClass(BuiltinClassLoader.java:581)
	at java.base/jdk.internal.loader.ClassLoaders$AppClassLoader.loadClass(ClassLoaders.java:178)
	at java.base/java.lang.ClassLoader.loadClass(ClassLoader.java:521)
	at java.base/java.lang.Class.forName0(Native Method)
	at java.base/java.lang.Class.forName(Class.java:315)
	at org.apache.log4j.helpers.Loader.loadClass(Loader.java:198)
	at org.apache.log4j.helpers.OptionConverter.instantiateByClassName(OptionConverter.java:327)
	at org.apache.log4j.helpers.OptionConverter.instantiateByKey(OptionConverter.java:124)
	at org.apache.log4j.PropertyConfigurator.parseAppender(PropertyConfigurator.java:785)
	at org.apache.log4j.PropertyConfigurator.parseCategory(PropertyConfigurator.java:768)
	at org.apache.log4j.PropertyConfigurator.configureRootCategory(PropertyConfigurator.java:648)
	at org.apache.log4j.PropertyConfigurator.doConfigure(PropertyConfigurator.java:514)
	at org.apache.log4j.PropertyConfigurator.doConfigure(PropertyConfigurator.java:580)
	at org.apache.log4j.helpers.OptionConverter.selectAndConfigure(OptionConverter.java:526)
	at org.apache.log4j.LogManager.<clinit>(LogManager.java:127)
	at org.apache.log4j.Logger.getLogger(Logger.java:117)
	at logging.Log.<clinit>(Log.java:8)
	at listeners.ListenerTest.onTestSkipped(ListenerTest.java:53)
	at org.testng.internal.TestListenerHelper.runTestListeners(TestListenerHelper.java:57)
	at org.testng.internal.TestInvoker.runTestResultListener(TestInvoker.java:210)
	at org.testng.internal.TestInvoker.invokeListenersForSkippedTestResult(TestInvoker.java:432)
	at org.testng.internal.TestInvoker.invokeMethod(TestInvoker.java:529)
	at org.testng.internal.TestInvoker.invokeTestMethod(TestInvoker.java:172)
	at org.testng.internal.MethodRunner.runInSequence(MethodRunner.java:46)
	at org.testng.internal.TestInvoker$MethodInvocationAgent.invoke(TestInvoker.java:804)
	at org.testng.internal.TestInvoker.invokeTestMethods(TestInvoker.java:145)
	at org.testng.internal.TestMethodWorker.invokeTestMethods(TestMethodWorker.java:146)
	at org.testng.internal.TestMethodWorker.run(TestMethodWorker.java:128)
	at java.base/java.util.ArrayList.forEach(ArrayList.java:1541)
	at org.testng.TestRunner.privateRun(TestRunner.java:770)
	at org.testng.TestRunner.run(TestRunner.java:591)
	at org.testng.SuiteRunner.runTest(SuiteRunner.java:402)
	at org.testng.SuiteRunner.runSequentially(SuiteRunner.java:396)
	at org.testng.SuiteRunner.privateRun(SuiteRunner.java:355)
	at org.testng.SuiteRunner.run(SuiteRunner.java:304)
	at org.testng.SuiteRunnerWorker.runSuite(SuiteRunnerWorker.java:53)
	at org.testng.SuiteRunnerWorker.run(SuiteRunnerWorker.java:96)
	at org.testng.TestNG.runSuitesSequentially(TestNG.java:1180)
	at org.testng.TestNG.runSuitesLocally(TestNG.java:1102)
	at org.testng.TestNG.runSuites(TestNG.java:1032)
	at org.testng.TestNG.run(TestNG.java:1000)
	at org.apache.maven.surefire.testng.TestNGExecutor.run(TestNGExecutor.java:283)
	at org.apache.maven.surefire.testng.TestNGXmlTestSuite.execute(TestNGXmlTestSuite.java:75)
	at org.apache.maven.surefire.testng.TestNGProvider.invoke(TestNGProvider.java:120)
	at org.apache.maven.surefire.booter.ForkedBooter.invokeProviderInSameClassLoader(ForkedBooter.java:384)
	at org.apache.maven.surefire.booter.ForkedBooter.runSuitesInProcess(ForkedBooter.java:345)
	at org.apache.maven.surefire.booter.ForkedBooter.execute(ForkedBooter.java:126)
	at org.apache.maven.surefire.booter.ForkedBooter.main(ForkedBooter.java:418)
log4j:ERROR Could not instantiate appender named "reportng".
]]></system-err>
  </testcase>
  <testcase name="preCondition" classname="MailTest" time="0.111">
    <failure type="java.lang.NullPointerException">java.lang.NullPointerException
</failure>
  </testcase>
  <testcase name="newMailWithoutRecipientTest" classname="MailTest" time="0">
    <skipped/>
    <system-out><![CDATA[newMailWithoutRecipientTest test case started
]]></system-out>
  </testcase>
  <testcase name="postCondition" classname="MailTest" time="0">
    <skipped/>
    <system-out><![CDATA[The name of the testcase Skipped is :newMailWithoutRecipientTest
2022-04-18 16:06:09 INFO Log:11 - TEST SKIPPED
]]></system-out>
  </testcase>
</testsuite>